#
# There is insufficient memory for the Java Runtime Environment to continue.
# Native memory allocation (malloc) failed to allocate 305936 bytes. Error detail: Chunk::new
# Possible reasons:
#   The system is out of physical RAM or swap space
#   This process is running with CompressedOops enabled, and the Java Heap may be blocking the growth of the native heap
# Possible solutions:
#   Reduce memory load on the system
#   Increase physical memory or swap space
#   Check if swap backing store is full
#   Decrease Java heap size (-Xmx/-Xms)
#   Decrease number of Java threads
#   Decrease Java thread stack sizes (-Xss)
#   Set larger code cache with -XX:ReservedCodeCacheSize=
#   JVM is running with Zero Based Compressed Oops mode in which the Java heap is
#     placed in the first 32GB address space. The Java Heap base address is the
#     maximum limit for the native heap growth. Please use -XX:HeapBaseMinAddress
#     to set the Java Heap base and to place the Java Heap above 32GB virtual address.
# This output file may be truncated or incomplete.
#
#  Out of Memory Error (arena.cpp:149), pid=25144, tid=23104
#
# JRE version: OpenJDK Runtime Environment (23.0.2+7) (build 23.0.2+7-58)
# Java VM: OpenJDK 64-Bit Server VM (23.0.2+7-58, mixed mode, sharing, tiered, compressed oops, compressed class ptrs, g1 gc, windows-amd64)
# No core dump will be written. Minidumps are not enabled by default on client versions of Windows
#

---------------  S U M M A R Y ------------

Command Line: -javaagent:C:\Program Files\JetBrains\IntelliJ IDEA 2025.2.3\lib\idea_rt.jar=50879 -Dfile.encoding=UTF-8 -Dsun.stdout.encoding=UTF-8 -Dsun.stderr.encoding=UTF-8 main.Main

Host: 13th Gen Intel(R) Core(TM) i9-13900H, 20 cores, 31G,  Windows 11 , 64 bit Build 26100 (10.0.26100.7705)
Time: Fri Mar  6 15:36:49 2026 Egypt Standard Time elapsed time: 10.646248 seconds (0d 0h 0m 10s)

---------------  T H R E A D  ---------------

Current thread (0x00000142458c54a0):  JavaThread "C2 CompilerThread1" daemon [_thread_in_native, id=23104, stack(0x0000002e26e00000,0x0000002e26f00000) (1024K)]


Current CompileTask:
C2:10646 1801       4       algorithms.MergeSort::mergeSort (40 bytes)

Stack: [0x0000002e26e00000,0x0000002e26f00000]
Native frames: (J=compiled Java code, j=interpreted, Vv=VM code, C=native code)
V  [jvm.dll+0x6e0b99]  (no source info available)
V  [jvm.dll+0x87e2b3]  (no source info available)
V  [jvm.dll+0x88073e]  (no source info available)
V  [jvm.dll+0x880e13]  (no source info available)
V  [jvm.dll+0x27b006]  (no source info available)
V  [jvm.dll+0xbc06f]  (no source info available)
V  [jvm.dll+0xbc2cb]  (no source info available)
V  [jvm.dll+0x2eea6d]  (no source info available)
V  [jvm.dll+0x606669]  (no source info available)
V  [jvm.dll+0x24def2]  (no source info available)
V  [jvm.dll+0x24681d]  (no source info available)
V  [jvm.dll+0x243e04]  (no source info available)
V  [jvm.dll+0x1c34b0]  (no source info available)
V  [jvm.dll+0x253df1]  (no source info available)
V  [jvm.dll+0x2520aa]  (no source info available)
V  [jvm.dll+0x3ee226]  (no source info available)
V  [jvm.dll+0x8254cb]  (no source info available)
V  [jvm.dll+0x6df345]  (no source info available)
C  [ucrtbase.dll+0x37b0]  (no source info available)
C  [KERNEL32.DLL+0x2e8d7]  (no source info available)
C  [ntdll.dll+0x8c40c]  (no source info available)

Lock stack of current Java thread (top to bottom):


---------------  P R O C E S S  ---------------

Threads class SMR info:
_java_thread_list=0x00000142458551d0, length=21, elements={
0x0000014245023300, 0x0000014245024010, 0x0000014245029870, 0x000001424502a2d0,
0x000001424502df60, 0x000001424502ec20, 0x0000014245030930, 0x00000142450361c0,
0x00000142451d2e40, 0x00000142452db250, 0x00000142452db8c0, 0x0000014245480770,
0x000001424548ce00, 0x000001424548f8d0, 0x00000142454aab70, 0x0000014245f384e0,
0x00000142455920e0, 0x0000014245891f50, 0x00000142458c54a0, 0x0000014245184790,
0x0000014245893990
}

Java Threads: ( => current thread )
  0x0000014245023300 JavaThread "Reference Handler"          daemon [_thread_blocked, id=5548, stack(0x0000002e25700000,0x0000002e25800000) (1024K)]
  0x0000014245024010 JavaThread "Finalizer"                  daemon [_thread_blocked, id=17316, stack(0x0000002e25800000,0x0000002e25900000) (1024K)]
  0x0000014245029870 JavaThread "Signal Dispatcher"          daemon [_thread_blocked, id=31832, stack(0x0000002e25900000,0x0000002e25a00000) (1024K)]
  0x000001424502a2d0 JavaThread "Attach Listener"            daemon [_thread_blocked, id=26196, stack(0x0000002e25a00000,0x0000002e25b00000) (1024K)]
  0x000001424502df60 JavaThread "Service Thread"             daemon [_thread_blocked, id=20752, stack(0x0000002e25b00000,0x0000002e25c00000) (1024K)]
  0x000001424502ec20 JavaThread "Monitor Deflation Thread"   daemon [_thread_blocked, id=16716, stack(0x0000002e25c00000,0x0000002e25d00000) (1024K)]
  0x0000014245030930 JavaThread "C2 CompilerThread0"         daemon [_thread_in_native, id=3688, stack(0x0000002e25d00000,0x0000002e25e00000) (1024K)]
  0x00000142450361c0 JavaThread "C1 CompilerThread0"         daemon [_thread_blocked, id=27856, stack(0x0000002e25e00000,0x0000002e25f00000) (1024K)]
  0x00000142451d2e40 JavaThread "Common-Cleaner"             daemon [_thread_blocked, id=36648, stack(0x0000002e26000000,0x0000002e26100000) (1024K)]
  0x00000142452db250 JavaThread "Monitor Ctrl-Break"         daemon [_thread_in_native, id=33460, stack(0x0000002e26400000,0x0000002e26500000) (1024K)]
  0x00000142452db8c0 JavaThread "Notification Thread"        daemon [_thread_blocked, id=20444, stack(0x0000002e26500000,0x0000002e26600000) (1024K)]
  0x0000014245480770 JavaThread "Java2D Disposer"            daemon [_thread_blocked, id=9504, stack(0x0000002e26600000,0x0000002e26700000) (1024K)]
  0x000001424548ce00 JavaThread "AWT-Shutdown"                      [_thread_blocked, id=31472, stack(0x0000002e26700000,0x0000002e26800000) (1024K)]
  0x000001424548f8d0 JavaThread "AWT-Windows"                daemon [_thread_in_native, id=28304, stack(0x0000002e26800000,0x0000002e26900000) (1024K)]
  0x00000142454aab70 JavaThread "AWT-EventQueue-0"                  [_thread_in_native, id=24716, stack(0x0000002e26900000,0x0000002e26a00000) (1024K)]
  0x0000014245f384e0 JavaThread "DestroyJavaVM"                     [_thread_blocked, id=14380, stack(0x0000002e24f00000,0x0000002e25000000) (1024K)]
  0x00000142455920e0 JavaThread "TimerQueue"                 daemon [_thread_blocked, id=31476, stack(0x0000002e26300000,0x0000002e26400000) (1024K)]
  0x0000014245891f50 JavaThread "SwingWorker-pool-1-thread-1" daemon [_thread_in_Java, id=28760, stack(0x0000002e26d00000,0x0000002e26e00000) (1024K)]
=>0x00000142458c54a0 JavaThread "C2 CompilerThread1"         daemon [_thread_in_native, id=23104, stack(0x0000002e26e00000,0x0000002e26f00000) (1024K)]
  0x0000014245184790 JavaThread "C1 CompilerThread1"         daemon [_thread_blocked, id=29300, stack(0x0000002e25f00000,0x0000002e26000000) (1024K)]
  0x0000014245893990 JavaThread "Image Fetcher 0"            daemon [_thread_blocked, id=32388, stack(0x0000002e26200000,0x0000002e26300000) (1024K)]
Total: 21

Other Threads:
  0x000001426a8feaf0 VMThread "VM Thread"                           [id=27180, stack(0x0000002e25600000,0x0000002e25700000) (1024K)]
  0x000001426a8e45f0 WatcherThread "VM Periodic Task Thread"        [id=35236, stack(0x0000002e25500000,0x0000002e25600000) (1024K)]
  0x0000014248507170 WorkerThread "GC Thread#0"                     [id=28792, stack(0x0000002e25000000,0x0000002e25100000) (1024K)]
  0x000001426fd51760 WorkerThread "GC Thread#1"                     [id=32356, stack(0x0000002e26100000,0x0000002e26200000) (1024K)]
  0x0000014245a59670 WorkerThread "GC Thread#2"                     [id=32352, stack(0x0000002e27100000,0x0000002e27200000) (1024K)]
  0x000001427036a440 WorkerThread "GC Thread#3"                     [id=10908, stack(0x0000002e27200000,0x0000002e27300000) (1024K)]
  0x00000142703b2d30 WorkerThread "GC Thread#4"                     [id=15784, stack(0x0000002e27300000,0x0000002e27400000) (1024K)]
  0x0000014245ac6b50 WorkerThread "GC Thread#5"                     [id=24736, stack(0x0000002e27400000,0x0000002e27500000) (1024K)]
  0x0000014245ac72b0 WorkerThread "GC Thread#6"                     [id=36036, stack(0x0000002e27500000,0x0000002e27600000) (1024K)]
  0x0000014245ac63f0 WorkerThread "GC Thread#7"                     [id=27664, stack(0x0000002e27600000,0x0000002e27700000) (1024K)]
  0x0000014245ac58e0 WorkerThread "GC Thread#8"                     [id=34356, stack(0x0000002e27700000,0x0000002e27800000) (1024K)]
  0x0000014245ac5c90 WorkerThread "GC Thread#9"                     [id=20740, stack(0x0000002e27800000,0x0000002e27900000) (1024K)]
  0x0000014245ac67a0 WorkerThread "GC Thread#10"                    [id=36640, stack(0x0000002e27900000,0x0000002e27a00000) (1024K)]
  0x0000014245ac6f00 WorkerThread "GC Thread#11"                    [id=7112, stack(0x0000002e27a00000,0x0000002e27b00000) (1024K)]
  0x000001424851bc20 ConcurrentGCThread "G1 Main Marker"            [id=28240, stack(0x0000002e25100000,0x0000002e25200000) (1024K)]
  0x000001424851c730 WorkerThread "G1 Conc#0"                       [id=33516, stack(0x0000002e25200000,0x0000002e25300000) (1024K)]
  0x000001426a7b4c30 ConcurrentGCThread "G1 Refine#0"               [id=27808, stack(0x0000002e25300000,0x0000002e25400000) (1024K)]
  0x000001426a7b57b0 ConcurrentGCThread "G1 Service"                [id=29012, stack(0x0000002e25400000,0x0000002e25500000) (1024K)]
Total: 18

Threads with active compile tasks:
C2 CompilerThread0  11773 1826   !   4       sun.java2d.SunGraphics2D::clone (114 bytes)
C2 CompilerThread1  11773 1801       4       algorithms.MergeSort::mergeSort (40 bytes)
Total: 2

VM state: not at safepoint (normal execution)

VM Mutex/Monitor currently owned by a thread: None

Heap address: 0x0000000605c00000, size: 8100 MB, Compressed Oops mode: Zero based, Oop shift amount: 3

CDS archive(s) mapped at: [0x0000014200000000-0x0000014200d70000-0x0000014200d70000), size 14090240, SharedBaseAddress: 0x0000014200000000, ArchiveRelocationMode: 1.
Compressed class space mapped at: 0x0000014201000000-0x0000014241000000, reserved size: 1073741824
Narrow klass base: 0x0000014200000000, Narrow klass shift: 0, Narrow klass range: 0x41000000

GC Precious Log:
 CardTable entry size: 512
 Card Set container configuration: InlinePtr #cards 4 size 8 Array Of Cards #cards 32 size 80 Howl #buckets 8 coarsen threshold 7372 Howl Bitmap #cards 1024 size 144 coarsen threshold 921 Card regions per heap region 1 cards per card region 8192
 CPUs: 20 total, 20 available
 Memory: 32386M
 Large Page Support: Disabled
 NUMA Support: Disabled
 Compressed Oops: Enabled (Zero based)
 Heap Region Size: 4M
 Heap Min Capacity: 8M
 Heap Initial Capacity: 508M
 Heap Max Capacity: 8100M
 Pre-touch: Disabled
 Parallel Workers: 15
 Concurrent Workers: 4
 Concurrent Refinement Workers: 15
 Periodic GC: Disabled

Heap:
 garbage-first heap   total reserved 8294400K, committed 520192K, used 15286K [0x0000000605c00000, 0x0000000800000000)
  region size 4096K, 2 young (8192K), 1 survivors (4096K)
 Metaspace       used 11280K, committed 11456K, reserved 1114112K
  class space    used 1303K, committed 1408K, reserved 1048576K

Heap Regions: E=young(eden), S=young(survivor), O=old, HS=humongous(starts), HC=humongous(continues), CS=collection set, F=free, TAMS=top-at-mark-start, PB=parsable bottom
|   0|0x0000000605c00000, 0x0000000606000000, 0x0000000606000000|100%|HS|  |TAMS 0x0000000605c00000| PB 0x0000000605c00000| Complete |  0
|   1|0x0000000606000000, 0x0000000606400000, 0x0000000606400000|100%|HC|  |TAMS 0x0000000606000000| PB 0x0000000606000000| Complete |  0
|   2|0x0000000606400000, 0x0000000606800000, 0x0000000606800000|100%|HC|  |TAMS 0x0000000606400000| PB 0x0000000606400000| Complete |  0
|   3|0x0000000606800000, 0x0000000606800000, 0x0000000606c00000|  0%| F|  |TAMS 0x0000000606800000| PB 0x0000000606800000| Untracked |  0
|   4|0x0000000606c00000, 0x0000000606c00000, 0x0000000607000000|  0%| F|  |TAMS 0x0000000606c00000| PB 0x0000000606c00000| Untracked |  0
|   5|0x0000000607000000, 0x0000000607000000, 0x0000000607400000|  0%| F|  |TAMS 0x0000000607000000| PB 0x0000000607000000| Untracked |  0
|   6|0x0000000607400000, 0x0000000607400000, 0x0000000607800000|  0%| F|  |TAMS 0x0000000607400000| PB 0x0000000607400000| Untracked |  0
|   7|0x0000000607800000, 0x0000000607800000, 0x0000000607c00000|  0%| F|  |TAMS 0x0000000607800000| PB 0x0000000607800000| Untracked |  0
|   8|0x0000000607c00000, 0x0000000607c00000, 0x0000000608000000|  0%| F|  |TAMS 0x0000000607c00000| PB 0x0000000607c00000| Untracked |  0
|   9|0x0000000608000000, 0x0000000608000000, 0x0000000608400000|  0%| F|  |TAMS 0x0000000608000000| PB 0x0000000608000000| Untracked |  0
|  10|0x0000000608400000, 0x0000000608400000, 0x0000000608800000|  0%| F|  |TAMS 0x0000000608400000| PB 0x0000000608400000| Untracked |  0
|  11|0x0000000608800000, 0x0000000608800000, 0x0000000608c00000|  0%| F|  |TAMS 0x0000000608800000| PB 0x0000000608800000| Untracked |  0
|  12|0x0000000608c00000, 0x0000000608c00000, 0x0000000609000000|  0%| F|  |TAMS 0x0000000608c00000| PB 0x0000000608c00000| Untracked |  0
|  13|0x0000000609000000, 0x0000000609000000, 0x0000000609400000|  0%| F|  |TAMS 0x0000000609000000| PB 0x0000000609000000| Untracked |  0
|  14|0x0000000609400000, 0x0000000609400000, 0x0000000609800000|  0%| F|  |TAMS 0x0000000609400000| PB 0x0000000609400000| Untracked |  0
|  15|0x0000000609800000, 0x0000000609800000, 0x0000000609c00000|  0%| F|  |TAMS 0x0000000609800000| PB 0x0000000609800000| Untracked |  0
|  16|0x0000000609c00000, 0x0000000609c00000, 0x000000060a000000|  0%| F|  |TAMS 0x0000000609c00000| PB 0x0000000609c00000| Untracked |  0
|  17|0x000000060a000000, 0x000000060a000000, 0x000000060a400000|  0%| F|  |TAMS 0x000000060a000000| PB 0x000000060a000000| Untracked |  0
|  18|0x000000060a400000, 0x000000060a400000, 0x000000060a800000|  0%| F|  |TAMS 0x000000060a400000| PB 0x000000060a400000| Untracked |  0
|  19|0x000000060a800000, 0x000000060a800000, 0x000000060ac00000|  0%| F|  |TAMS 0x000000060a800000| PB 0x000000060a800000| Untracked |  0
|  20|0x000000060ac00000, 0x000000060ac00000, 0x000000060b000000|  0%| F|  |TAMS 0x000000060ac00000| PB 0x000000060ac00000| Untracked |  0
|  21|0x000000060b000000, 0x000000060b000000, 0x000000060b400000|  0%| F|  |TAMS 0x000000060b000000| PB 0x000000060b000000| Untracked |  0
|  22|0x000000060b400000, 0x000000060b400000, 0x000000060b800000|  0%| F|  |TAMS 0x000000060b400000| PB 0x000000060b400000| Untracked |  0
|  23|0x000000060b800000, 0x000000060b800000, 0x000000060bc00000|  0%| F|  |TAMS 0x000000060b800000| PB 0x000000060b800000| Untracked |  0
|  24|0x000000060bc00000, 0x000000060bc00000, 0x000000060c000000|  0%| F|  |TAMS 0x000000060bc00000| PB 0x000000060bc00000| Untracked |  0
|  25|0x000000060c000000, 0x000000060c000000, 0x000000060c400000|  0%| F|  |TAMS 0x000000060c000000| PB 0x000000060c000000| Untracked |  0
|  26|0x000000060c400000, 0x000000060c400000, 0x000000060c800000|  0%| F|  |TAMS 0x000000060c400000| PB 0x000000060c400000| Untracked |  0
|  27|0x000000060c800000, 0x000000060c800000, 0x000000060cc00000|  0%| F|  |TAMS 0x000000060c800000| PB 0x000000060c800000| Untracked |  0
|  28|0x000000060cc00000, 0x000000060cc00000, 0x000000060d000000|  0%| F|  |TAMS 0x000000060cc00000| PB 0x000000060cc00000| Untracked |  0
|  29|0x000000060d000000, 0x000000060d000000, 0x000000060d400000|  0%| F|  |TAMS 0x000000060d000000| PB 0x000000060d000000| Untracked |  0
|  30|0x000000060d400000, 0x000000060d400000, 0x000000060d800000|  0%| F|  |TAMS 0x000000060d400000| PB 0x000000060d400000| Untracked |  0
|  31|0x000000060d800000, 0x000000060d800000, 0x000000060dc00000|  0%| F|  |TAMS 0x000000060d800000| PB 0x000000060d800000| Untracked |  0
|  32|0x000000060dc00000, 0x000000060dc00000, 0x000000060e000000|  0%| F|  |TAMS 0x000000060dc00000| PB 0x000000060dc00000| Untracked |  0
|  33|0x000000060e000000, 0x000000060e000000, 0x000000060e400000|  0%| F|  |TAMS 0x000000060e000000| PB 0x000000060e000000| Untracked |  0
|  34|0x000000060e400000, 0x000000060e400000, 0x000000060e800000|  0%| F|  |TAMS 0x000000060e400000| PB 0x000000060e400000| Untracked |  0
|  35|0x000000060e800000, 0x000000060e800000, 0x000000060ec00000|  0%| F|  |TAMS 0x000000060e800000| PB 0x000000060e800000| Untracked |  0
|  36|0x000000060ec00000, 0x000000060ec00000, 0x000000060f000000|  0%| F|  |TAMS 0x000000060ec00000| PB 0x000000060ec00000| Untracked |  0
|  37|0x000000060f000000, 0x000000060f000000, 0x000000060f400000|  0%| F|  |TAMS 0x000000060f000000| PB 0x000000060f000000| Untracked |  0
|  38|0x000000060f400000, 0x000000060f400000, 0x000000060f800000|  0%| F|  |TAMS 0x000000060f400000| PB 0x000000060f400000| Untracked |  0
|  39|0x000000060f800000, 0x000000060f800000, 0x000000060fc00000|  0%| F|  |TAMS 0x000000060f800000| PB 0x000000060f800000| Untracked |  0
|  40|0x000000060fc00000, 0x000000060fc00000, 0x0000000610000000|  0%| F|  |TAMS 0x000000060fc00000| PB 0x000000060fc00000| Untracked |  0
|  41|0x0000000610000000, 0x0000000610000000, 0x0000000610400000|  0%| F|  |TAMS 0x0000000610000000| PB 0x0000000610000000| Untracked |  0
|  42|0x0000000610400000, 0x0000000610400000, 0x0000000610800000|  0%| F|  |TAMS 0x0000000610400000| PB 0x0000000610400000| Untracked |  0
|  43|0x0000000610800000, 0x0000000610800000, 0x0000000610c00000|  0%| F|  |TAMS 0x0000000610800000| PB 0x0000000610800000| Untracked |  0
|  44|0x0000000610c00000, 0x0000000610c00000, 0x0000000611000000|  0%| F|  |TAMS 0x0000000610c00000| PB 0x0000000610c00000| Untracked |  0
|  45|0x0000000611000000, 0x0000000611000000, 0x0000000611400000|  0%| F|  |TAMS 0x0000000611000000| PB 0x0000000611000000| Untracked |  0
|  46|0x0000000611400000, 0x0000000611400000, 0x0000000611800000|  0%| F|  |TAMS 0x0000000611400000| PB 0x0000000611400000| Untracked |  0
|  47|0x0000000611800000, 0x0000000611800000, 0x0000000611c00000|  0%| F|  |TAMS 0x0000000611800000| PB 0x0000000611800000| Untracked |  0
|  48|0x0000000611c00000, 0x0000000611c00000, 0x0000000612000000|  0%| F|  |TAMS 0x0000000611c00000| PB 0x0000000611c00000| Untracked |  0
|  49|0x0000000612000000, 0x0000000612000000, 0x0000000612400000|  0%| F|  |TAMS 0x0000000612000000| PB 0x0000000612000000| Untracked |  0
|  50|0x0000000612400000, 0x0000000612400000, 0x0000000612800000|  0%| F|  |TAMS 0x0000000612400000| PB 0x0000000612400000| Untracked |  0
|  51|0x0000000612800000, 0x0000000612800000, 0x0000000612c00000|  0%| F|  |TAMS 0x0000000612800000| PB 0x0000000612800000| Untracked |  0
|  52|0x0000000612c00000, 0x0000000612c00000, 0x0000000613000000|  0%| F|  |TAMS 0x0000000612c00000| PB 0x0000000612c00000| Untracked |  0
|  53|0x0000000613000000, 0x0000000613000000, 0x0000000613400000|  0%| F|  |TAMS 0x0000000613000000| PB 0x0000000613000000| Untracked |  0
|  54|0x0000000613400000, 0x0000000613400000, 0x0000000613800000|  0%| F|  |TAMS 0x0000000613400000| PB 0x0000000613400000| Untracked |  0
|  55|0x0000000613800000, 0x0000000613800000, 0x0000000613c00000|  0%| F|  |TAMS 0x0000000613800000| PB 0x0000000613800000| Untracked |  0
|  56|0x0000000613c00000, 0x0000000613c00000, 0x0000000614000000|  0%| F|  |TAMS 0x0000000613c00000| PB 0x0000000613c00000| Untracked |  0
|  57|0x0000000614000000, 0x0000000614000000, 0x0000000614400000|  0%| F|  |TAMS 0x0000000614000000| PB 0x0000000614000000| Untracked |  0
|  58|0x0000000614400000, 0x0000000614400000, 0x0000000614800000|  0%| F|  |TAMS 0x0000000614400000| PB 0x0000000614400000| Untracked |  0
|  59|0x0000000614800000, 0x0000000614800000, 0x0000000614c00000|  0%| F|  |TAMS 0x0000000614800000| PB 0x0000000614800000| Untracked |  0
|  60|0x0000000614c00000, 0x0000000614c00000, 0x0000000615000000|  0%| F|  |TAMS 0x0000000614c00000| PB 0x0000000614c00000| Untracked |  0
|  61|0x0000000615000000, 0x0000000615000000, 0x0000000615400000|  0%| F|  |TAMS 0x0000000615000000| PB 0x0000000615000000| Untracked |  0
|  62|0x0000000615400000, 0x0000000615400000, 0x0000000615800000|  0%| F|  |TAMS 0x0000000615400000| PB 0x0000000615400000| Untracked |  0
|  63|0x0000000615800000, 0x0000000615800000, 0x0000000615c00000|  0%| F|  |TAMS 0x0000000615800000| PB 0x0000000615800000| Untracked |  0
|  64|0x0000000615c00000, 0x0000000615c00000, 0x0000000616000000|  0%| F|  |TAMS 0x0000000615c00000| PB 0x0000000615c00000| Untracked |  0
|  65|0x0000000616000000, 0x0000000616000000, 0x0000000616400000|  0%| F|  |TAMS 0x0000000616000000| PB 0x0000000616000000| Untracked |  0
|  66|0x0000000616400000, 0x0000000616400000, 0x0000000616800000|  0%| F|  |TAMS 0x0000000616400000| PB 0x0000000616400000| Untracked |  0
|  67|0x0000000616800000, 0x0000000616800000, 0x0000000616c00000|  0%| F|  |TAMS 0x0000000616800000| PB 0x0000000616800000| Untracked |  0
|  68|0x0000000616c00000, 0x0000000616c00000, 0x0000000617000000|  0%| F|  |TAMS 0x0000000616c00000| PB 0x0000000616c00000| Untracked |  0
|  69|0x0000000617000000, 0x0000000617000000, 0x0000000617400000|  0%| F|  |TAMS 0x0000000617000000| PB 0x0000000617000000| Untracked |  0
|  70|0x0000000617400000, 0x0000000617400000, 0x0000000617800000|  0%| F|  |TAMS 0x0000000617400000| PB 0x0000000617400000| Untracked |  0
|  71|0x0000000617800000, 0x0000000617800000, 0x0000000617c00000|  0%| F|  |TAMS 0x0000000617800000| PB 0x0000000617800000| Untracked |  0
|  72|0x0000000617c00000, 0x0000000617c00000, 0x0000000618000000|  0%| F|  |TAMS 0x0000000617c00000| PB 0x0000000617c00000| Untracked |  0
|  73|0x0000000618000000, 0x0000000618000000, 0x0000000618400000|  0%| F|  |TAMS 0x0000000618000000| PB 0x0000000618000000| Untracked |  0
|  74|0x0000000618400000, 0x0000000618400000, 0x0000000618800000|  0%| F|  |TAMS 0x0000000618400000| PB 0x0000000618400000| Untracked |  0
|  75|0x0000000618800000, 0x0000000618800000, 0x0000000618c00000|  0%| F|  |TAMS 0x0000000618800000| PB 0x0000000618800000| Untracked |  0
|  76|0x0000000618c00000, 0x0000000618c00000, 0x0000000619000000|  0%| F|  |TAMS 0x0000000618c00000| PB 0x0000000618c00000| Untracked |  0
|  77|0x0000000619000000, 0x0000000619000000, 0x0000000619400000|  0%| F|  |TAMS 0x0000000619000000| PB 0x0000000619000000| Untracked |  0
|  78|0x0000000619400000, 0x0000000619400000, 0x0000000619800000|  0%| F|  |TAMS 0x0000000619400000| PB 0x0000000619400000| Untracked |  0
|  79|0x0000000619800000, 0x0000000619800000, 0x0000000619c00000|  0%| F|  |TAMS 0x0000000619800000| PB 0x0000000619800000| Untracked |  0
|  80|0x0000000619c00000, 0x0000000619c00000, 0x000000061a000000|  0%| F|  |TAMS 0x0000000619c00000| PB 0x0000000619c00000| Untracked |  0
|  81|0x000000061a000000, 0x000000061a000000, 0x000000061a400000|  0%| F|  |TAMS 0x000000061a000000| PB 0x000000061a000000| Untracked |  0
|  82|0x000000061a400000, 0x000000061a400000, 0x000000061a800000|  0%| F|  |TAMS 0x000000061a400000| PB 0x000000061a400000| Untracked |  0
|  83|0x000000061a800000, 0x000000061a800000, 0x000000061ac00000|  0%| F|  |TAMS 0x000000061a800000| PB 0x000000061a800000| Untracked |  0
|  84|0x000000061ac00000, 0x000000061ac00000, 0x000000061b000000|  0%| F|  |TAMS 0x000000061ac00000| PB 0x000000061ac00000| Untracked |  0
|  85|0x000000061b000000, 0x000000061b000000, 0x000000061b400000|  0%| F|  |TAMS 0x000000061b000000| PB 0x000000061b000000| Untracked |  0
|  86|0x000000061b400000, 0x000000061b400000, 0x000000061b800000|  0%| F|  |TAMS 0x000000061b400000| PB 0x000000061b400000| Untracked |  0
|  87|0x000000061b800000, 0x000000061b800000, 0x000000061bc00000|  0%| F|  |TAMS 0x000000061b800000| PB 0x000000061b800000| Untracked |  0
|  88|0x000000061bc00000, 0x000000061bc00000, 0x000000061c000000|  0%| F|  |TAMS 0x000000061bc00000| PB 0x000000061bc00000| Untracked |  0
|  89|0x000000061c000000, 0x000000061c000000, 0x000000061c400000|  0%| F|  |TAMS 0x000000061c000000| PB 0x000000061c000000| Untracked |  0
|  90|0x000000061c400000, 0x000000061c400000, 0x000000061c800000|  0%| F|  |TAMS 0x000000061c400000| PB 0x000000061c400000| Untracked |  0
|  91|0x000000061c800000, 0x000000061c800000, 0x000000061cc00000|  0%| F|  |TAMS 0x000000061c800000| PB 0x000000061c800000| Untracked |  0
|  92|0x000000061cc00000, 0x000000061cc00000, 0x000000061d000000|  0%| F|  |TAMS 0x000000061cc00000| PB 0x000000061cc00000| Untracked |  0
|  93|0x000000061d000000, 0x000000061d000000, 0x000000061d400000|  0%| F|  |TAMS 0x000000061d000000| PB 0x000000061d000000| Untracked |  0
|  94|0x000000061d400000, 0x000000061d400000, 0x000000061d800000|  0%| F|  |TAMS 0x000000061d400000| PB 0x000000061d400000| Untracked |  0
|  95|0x000000061d800000, 0x000000061d800000, 0x000000061dc00000|  0%| F|  |TAMS 0x000000061d800000| PB 0x000000061d800000| Untracked |  0
|  96|0x000000061dc00000, 0x000000061dc00000, 0x000000061e000000|  0%| F|  |TAMS 0x000000061dc00000| PB 0x000000061dc00000| Untracked |  0
|  97|0x000000061e000000, 0x000000061e000000, 0x000000061e400000|  0%| F|  |TAMS 0x000000061e000000| PB 0x000000061e000000| Untracked |  0
|  98|0x000000061e400000, 0x000000061e400000, 0x000000061e800000|  0%| F|  |TAMS 0x000000061e400000| PB 0x000000061e400000| Untracked |  0
|  99|0x000000061e800000, 0x000000061e800000, 0x000000061ec00000|  0%| F|  |TAMS 0x000000061e800000| PB 0x000000061e800000| Untracked |  0
| 100|0x000000061ec00000, 0x000000061ec00000, 0x000000061f000000|  0%| F|  |TAMS 0x000000061ec00000| PB 0x000000061ec00000| Untracked |  0
| 101|0x000000061f000000, 0x000000061f000000, 0x000000061f400000|  0%| F|  |TAMS 0x000000061f000000| PB 0x000000061f000000| Untracked |  0
| 102|0x000000061f400000, 0x000000061f400000, 0x000000061f800000|  0%| F|  |TAMS 0x000000061f400000| PB 0x000000061f400000| Untracked |  0
| 103|0x000000061f800000, 0x000000061f800000, 0x000000061fc00000|  0%| F|  |TAMS 0x000000061f800000| PB 0x000000061f800000| Untracked |  0
| 104|0x000000061fc00000, 0x000000061fc00000, 0x0000000620000000|  0%| F|  |TAMS 0x000000061fc00000| PB 0x000000061fc00000| Untracked |  0
| 105|0x0000000620000000, 0x0000000620000000, 0x0000000620400000|  0%| F|  |TAMS 0x0000000620000000| PB 0x0000000620000000| Untracked |  0
| 106|0x0000000620400000, 0x0000000620400000, 0x0000000620800000|  0%| F|  |TAMS 0x0000000620400000| PB 0x0000000620400000| Untracked |  0
| 107|0x0000000620800000, 0x0000000620800000, 0x0000000620c00000|  0%| F|  |TAMS 0x0000000620800000| PB 0x0000000620800000| Untracked |  0
| 108|0x0000000620c00000, 0x0000000620c00000, 0x0000000621000000|  0%| F|  |TAMS 0x0000000620c00000| PB 0x0000000620c00000| Untracked |  0
| 109|0x0000000621000000, 0x0000000621000000, 0x0000000621400000|  0%| F|  |TAMS 0x0000000621000000| PB 0x0000000621000000| Untracked |  0
| 110|0x0000000621400000, 0x0000000621400000, 0x0000000621800000|  0%| F|  |TAMS 0x0000000621400000| PB 0x0000000621400000| Untracked |  0
| 111|0x0000000621800000, 0x0000000621800000, 0x0000000621c00000|  0%| F|  |TAMS 0x0000000621800000| PB 0x0000000621800000| Untracked |  0
| 112|0x0000000621c00000, 0x0000000621c00000, 0x0000000622000000|  0%| F|  |TAMS 0x0000000621c00000| PB 0x0000000621c00000| Untracked |  0
| 113|0x0000000622000000, 0x0000000622000000, 0x0000000622400000|  0%| F|  |TAMS 0x0000000622000000| PB 0x0000000622000000| Untracked |  0
| 114|0x0000000622400000, 0x0000000622400000, 0x0000000622800000|  0%| F|  |TAMS 0x0000000622400000| PB 0x0000000622400000| Untracked |  0
| 115|0x0000000622800000, 0x0000000622800000, 0x0000000622c00000|  0%| F|  |TAMS 0x0000000622800000| PB 0x0000000622800000| Untracked |  0
| 116|0x0000000622c00000, 0x0000000622c00000, 0x0000000623000000|  0%| F|  |TAMS 0x0000000622c00000| PB 0x0000000622c00000| Untracked |  0
| 117|0x0000000623000000, 0x0000000623000000, 0x0000000623400000|  0%| F|  |TAMS 0x0000000623000000| PB 0x0000000623000000| Untracked |  0
| 118|0x0000000623400000, 0x0000000623400000, 0x0000000623800000|  0%| F|  |TAMS 0x0000000623400000| PB 0x0000000623400000| Untracked |  0
| 119|0x0000000623800000, 0x0000000623800000, 0x0000000623c00000|  0%| F|  |TAMS 0x0000000623800000| PB 0x0000000623800000| Untracked |  0
| 120|0x0000000623c00000, 0x0000000623eed938, 0x0000000624000000| 73%| S|CS|TAMS 0x0000000623c00000| PB 0x0000000623c00000| Complete |  0
| 121|0x0000000624000000, 0x0000000624000000, 0x0000000624400000|  0%| F|  |TAMS 0x0000000624000000| PB 0x0000000624000000| Untracked |  0
| 122|0x0000000624400000, 0x0000000624400000, 0x0000000624800000|  0%| F|  |TAMS 0x0000000624400000| PB 0x0000000624400000| Untracked |  0
| 123|0x0000000624800000, 0x0000000624800000, 0x0000000624c00000|  0%| F|  |TAMS 0x0000000624800000| PB 0x0000000624800000| Untracked |  0
| 124|0x0000000624c00000, 0x0000000624c00000, 0x0000000625000000|  0%| F|  |TAMS 0x0000000624c00000| PB 0x0000000624c00000| Untracked |  0
| 125|0x0000000625000000, 0x0000000625000000, 0x0000000625400000|  0%| F|  |TAMS 0x0000000625000000| PB 0x0000000625000000| Untracked |  0
| 126|0x0000000625400000, 0x0000000625547bb0, 0x0000000625800000| 32%| E|  |TAMS 0x0000000625400000| PB 0x0000000625400000| Complete |  0

Card table byte_map: [0x0000014261780000,0x0000014262760000] _byte_map_base: 0x000001425e752000

Marking Bits: (CMBitMap*) 0x0000014248507690
 Bits: [0x0000014262760000, 0x000001426a5f0000)

Polling page: 0x00000142462b0000

Metaspace:

Usage:
  Non-class:      9.74 MB used.
      Class:      1.27 MB used.
       Both:     11.02 MB used.

Virtual space:
  Non-class space:       64.00 MB reserved,       9.88 MB ( 15%) committed,  1 nodes.
      Class space:        1.00 GB reserved,       1.38 MB ( <1%) committed,  1 nodes.
             Both:        1.06 GB reserved,      11.25 MB (  1%) committed. 

Chunk freelists:
   Non-Class:  6.07 MB
       Class:  14.61 MB
        Both:  20.67 MB

MaxMetaspaceSize: unlimited
CompressedClassSpaceSize: 1.00 GB
Initial GC threshold: 21.00 MB
Current GC threshold: 21.00 MB
CDS: on
 - commit_granule_bytes: 65536.
 - commit_granule_words: 8192.
 - virtual_space_node_default_size: 8388608.
 - enlarge_chunks_in_place: 1.
 - use_allocation_guard: 0.


Internal statistics:

num_allocs_failed_limit: 0.
num_arena_births: 162.
num_arena_deaths: 0.
num_vsnodes_births: 2.
num_vsnodes_deaths: 0.
num_space_committed: 180.
num_space_uncommitted: 0.
num_chunks_returned_to_freelist: 0.
num_chunks_taken_from_freelist: 219.
num_chunk_merges: 0.
num_chunk_splits: 126.
num_chunks_enlarged: 58.
num_inconsistent_stats: 0.

CodeHeap 'non-profiled nmethods': size=119232Kb used=516Kb max_used=516Kb free=118715Kb
 bounds [0x0000014258760000, 0x00000142589d0000, 0x000001425fbd0000]
CodeHeap 'profiled nmethods': size=119104Kb used=2364Kb max_used=2364Kb free=116739Kb
 bounds [0x0000014250bd0000, 0x0000014250e40000, 0x0000014258020000]
CodeHeap 'non-nmethods': size=7424Kb used=2153Kb max_used=3294Kb free=5270Kb
 bounds [0x0000014258020000, 0x0000014258360000, 0x0000014258760000]
CodeCache: size=245760Kb, used=5033Kb, max_used=6174Kb, free=240724Kb
 total_blobs=2495, nmethods=1827, adapters=572, full_count=0
Compilation: enabled, stopped_count=0, restarted_count=0

Compilation events (20 events):
Event: 8.632 Thread 0x000001427036a440 1804       3       java.util.Formatter::isDigit (18 bytes)
Event: 8.633 Thread 0x000001427036a440 nmethod 1804 0x0000014250e17f08 code [0x0000014250e18020, 0x0000014250e18188]
Event: 8.633 Thread 0x00000142450361c0 nmethod 1803 0x0000014250e18208 code [0x0000014250e18360, 0x0000014250e18808]
Event: 8.633 Thread 0x0000014245184790 1805       3       java.lang.StringBuilder::append (8 bytes)
Event: 8.634 Thread 0x00000142450361c0 1806       3       java.lang.AbstractStringBuilder::append (54 bytes)
Event: 8.634 Thread 0x000001427036a440 1807       3       java.lang.AbstractStringBuilder::append (70 bytes)
Event: 8.634 Thread 0x0000014245184790 nmethod 1805 0x0000014250e18888 code [0x0000014250e189a0, 0x0000014250e18af0]
Event: 8.634 Thread 0x00000142450361c0 nmethod 1806 0x0000014250e18b88 code [0x0000014250e18d20, 0x0000014250e195d8]
Event: 8.634 Thread 0x0000014245184790 1808       3       java.lang.AbstractStringBuilder::inflateIfNeededFor (22 bytes)
Event: 8.634 Thread 0x00000142450361c0 1809       3       java.lang.AbstractStringBuilder::getCoder (15 bytes)
Event: 8.634 Thread 0x00000142450361c0 nmethod 1809 0x0000014250e19608 code [0x0000014250e19720, 0x0000014250e19858]
Event: 8.634 Thread 0x00000142450361c0 1810       3       java.lang.AbstractStringBuilder::getBytes (44 bytes)
Event: 8.634 Thread 0x0000014245184790 nmethod 1808 0x0000014250e19908 code [0x0000014250e19a40, 0x0000014250e19c48]
Event: 8.634 Thread 0x00000142450361c0 nmethod 1810 0x0000014250e19c88 code [0x0000014250e19dc0, 0x0000014250e1a068]
Event: 8.635 Thread 0x000001427036a440 nmethod 1807 0x0000014250e1a088 code [0x0000014250e1a220, 0x0000014250e1a750]
Event: 8.637 Thread 0x0000014245184790 1811       3       java.awt.Rectangle::isEmpty (20 bytes)
Event: 8.637 Thread 0x0000014245184790 nmethod 1811 0x0000014250e1a788 code [0x0000014250e1a8a0, 0x0000014250e1aa28]
Event: 8.639 Thread 0x000001427036a440 1812       3       sun.swing.SwingUtilities2::drawHLine (26 bytes)
Event: 8.640 Thread 0x000001427036a440 nmethod 1812 0x0000014250e1aa88 code [0x0000014250e1aba0, 0x0000014250e1ad28]
Event: 10.641 Thread 0x0000014245ba1a40 1813       4       java.awt.geom.AffineTransform::transform (635 bytes)

GC Heap History (0 events):
No events

Dll operation events (12 events):
Event: 0.038 Loaded shared library C:\Program Files\Java\jdk-23.0.2\bin\java.dll
Event: 0.181 Loaded shared library C:\Program Files\Java\jdk-23.0.2\bin\jsvml.dll
Event: 0.280 Loaded shared library C:\Program Files\Java\jdk-23.0.2\bin\zip.dll
Event: 0.290 Loaded shared library C:\Program Files\Java\jdk-23.0.2\bin\instrument.dll
Event: 0.307 Loaded shared library C:\Program Files\Java\jdk-23.0.2\bin\net.dll
Event: 0.312 Loaded shared library C:\Program Files\Java\jdk-23.0.2\bin\nio.dll
Event: 0.326 Loaded shared library C:\Program Files\Java\jdk-23.0.2\bin\zip.dll
Event: 0.383 Loaded shared library C:\Program Files\Java\jdk-23.0.2\bin\extnet.dll
Event: 0.393 Loaded shared library C:\Program Files\Java\jdk-23.0.2\bin\jimage.dll
Event: 0.405 Loaded shared library C:\Program Files\Java\jdk-23.0.2\bin\awt.dll
Event: 1.048 Loaded shared library C:\Program Files\Java\jdk-23.0.2\bin\freetype.dll
Event: 1.051 Loaded shared library C:\Program Files\Java\jdk-23.0.2\bin\fontmanager.dll

Deoptimization events (20 events):
Event: 8.473 Thread 0x00000142454aab70 Uncommon trap: trap_request=0xffffff3d fr.pc=0x00000142587d1a7c relative=0x000000000000029c
Event: 8.473 Thread 0x00000142454aab70 Uncommon trap: reason=unstable_fused_if action=reinterpret pc=0x00000142587d1a7c method=jdk.internal.icu.util.CodePointTrie$Fast.cpIndex(I)I @ 1 c2
Event: 8.473 Thread 0x00000142454aab70 DEOPT PACKING pc=0x00000142587d1a7c sp=0x0000002e269fdb90
Event: 8.473 Thread 0x00000142454aab70 DEOPT UNPACKING pc=0x0000014258074402 sp=0x0000002e269fd9d8 mode 2
Event: 8.475 Thread 0x00000142454aab70 Uncommon trap: trap_request=0xffffff3d fr.pc=0x00000142587d2084 relative=0x00000000000002a4
Event: 8.475 Thread 0x00000142454aab70 Uncommon trap: reason=unstable_fused_if action=reinterpret pc=0x00000142587d2084 method=jdk.internal.icu.util.CodePointTrie$Fast.cpIndex(I)I @ 1 c2
Event: 8.475 Thread 0x00000142454aab70 DEOPT PACKING pc=0x00000142587d2084 sp=0x0000002e269fdbd0
Event: 8.475 Thread 0x00000142454aab70 DEOPT UNPACKING pc=0x0000014258074402 sp=0x0000002e269fd9b0 mode 2
Event: 8.621 Thread 0x0000014245891f50 Uncommon trap: trap_request=0xffffff6e fr.pc=0x00000142587c995c relative=0x000000000000211c
Event: 8.621 Thread 0x0000014245891f50 Uncommon trap: reason=loop_limit_check action=maybe_recompile pc=0x00000142587c995c method=algorithms.MergeSort.merge(III[I)V @ 25 c2
Event: 8.621 Thread 0x0000014245891f50 DEOPT PACKING pc=0x00000142587c995c sp=0x0000002e26dfea80
Event: 8.621 Thread 0x0000014245891f50 DEOPT UNPACKING pc=0x0000014258074402 sp=0x0000002e26dfe948 mode 2
Event: 8.637 Thread 0x0000014245891f50 Uncommon trap: trap_request=0xffffffde fr.pc=0x0000014258791884 relative=0x00000000000002c4
Event: 8.637 Thread 0x0000014245891f50 Uncommon trap: reason=class_check action=maybe_recompile pc=0x0000014258791884 method=java.util.HashMap.getNode(Ljava/lang/Object;)Ljava/util/HashMap$Node; @ 82 c2
Event: 8.637 Thread 0x0000014245891f50 DEOPT PACKING pc=0x0000014258791884 sp=0x0000002e26dfef80
Event: 8.640 Thread 0x00000142454aab70 Uncommon trap: trap_request=0xffffff6e fr.pc=0x00000142587deb0c relative=0x00000000000004cc
Event: 8.640 Thread 0x00000142454aab70 Uncommon trap: reason=loop_limit_check action=maybe_recompile pc=0x00000142587deb0c method=java.awt.geom.AffineTransform.transform([DI[DII)V @ 516 c2
Event: 8.640 Thread 0x00000142454aab70 DEOPT PACKING pc=0x00000142587deb0c sp=0x0000002e269fd8a0
Event: 10.640 Thread 0x0000014245891f50 DEOPT UNPACKING pc=0x0000014258074402 sp=0x0000002e26dfef00 mode 2
Event: 10.640 Thread 0x00000142454aab70 DEOPT UNPACKING pc=0x0000014258074402 sp=0x0000002e269fd7e0 mode 2

Classes loaded (20 events):
Event: 8.515 Loading class javax/swing/ImageIcon$3
Event: 8.515 Loading class javax/swing/ImageIcon$3 done
Event: 8.515 Loading class java/awt/ImageMediaEntry
Event: 8.516 Loading class java/awt/MediaEntry
Event: 8.516 Loading class sun/awt/image/PNGImageDecoder
Event: 8.516 Loading class java/awt/MediaEntry done
Event: 8.516 Loading class java/awt/ImageMediaEntry done
Event: 8.516 Loading class sun/awt/image/ImageWatched$WeakLink
Event: 8.516 Loading class sun/awt/image/ImageDecoder
Event: 8.516 Loading class sun/awt/image/ImageWatched$WeakLink done
Event: 8.516 Loading class sun/awt/image/ImageWatched$AccWeakReference
Event: 8.516 Loading class sun/awt/image/ImageDecoder done
Event: 8.516 Loading class sun/awt/image/ImageWatched$AccWeakReference done
Event: 8.516 Loading class sun/awt/image/PNGImageDecoder done
Event: 8.519 Loading class sun/awt/image/PNGFilterInputStream
Event: 8.519 Loading class sun/awt/image/PNGFilterInputStream done
Event: 8.519 Loading class sun/awt/image/PNGImageDecoder$Chromaticities
Event: 8.519 Loading class sun/awt/image/PNGImageDecoder$Chromaticities done
Event: 8.526 Loading class sun/awt/image/BufImgSurfaceManager
Event: 8.526 Loading class sun/awt/image/BufImgSurfaceManager done

Classes unloaded (0 events):
No events

Classes redefined (0 events):
No events

Internal exceptions (13 events):
Event: 0.347 Thread 0x0000014245f384e0 Exception <a 'java/lang/NoSuchMethodError'{0x0000000625757b78}: 'java.lang.Object java.lang.invoke.Invokers$Holder.invokeExact_MT(java.lang.Object, java.lang.Object, java.lang.Object, java.lang.Object, java.lang.Object)'> (0x0000000625757b78) 
thrown [s\open\src\hotspot\share\interpreter\linkResolver.cpp, line 796]
Event: 0.371 Thread 0x0000014245f384e0 Exception <a 'java/lang/ClassNotFoundException'{0x0000000625013618}: sun/awt/resources/spi/awtProvider> (0x0000000625013618) 
thrown [s\open\src\hotspot\share\classfile\systemDictionary.cpp, line 313]
Event: 0.389 Thread 0x00000142452db250 Exception <a 'java/lang/NoSuchMethodError'{0x0000000625084088}: 'void java.lang.invoke.DirectMethodHandle$Holder.invokeStatic(java.lang.Object, java.lang.Object)'> (0x0000000625084088) 
thrown [s\open\src\hotspot\share\interpreter\linkResolver.cpp, line 796]
Event: 0.435 Thread 0x0000014245f384e0 Exception <a 'java/io/FileNotFoundException'{0x0000000625066a70}> (0x0000000625066a70) 
thrown [s\open\src\hotspot\share\prims\jni.cpp, line 520]
Event: 0.453 Thread 0x0000014245f384e0 Exception <a 'java/io/FileNotFoundException'{0x000000062510fce8}> (0x000000062510fce8) 
thrown [s\open\src\hotspot\share\prims\jni.cpp, line 520]
Event: 0.711 Thread 0x00000142454aab70 Exception <a 'java/lang/NoSuchMethodError'{0x000000062539c668}: 'void java.lang.invoke.DirectMethodHandle$Holder.invokeSpecial(java.lang.Object, java.lang.Object, java.lang.Object)'> (0x000000062539c668) 
thrown [s\open\src\hotspot\share\interpreter\linkResolver.cpp, line 796]
Event: 0.753 Thread 0x00000142454aab70 Exception <a 'java/lang/NoSuchMethodError'{0x00000006253ebfd8}: 'java.lang.Object java.lang.invoke.DirectMethodHandle$Holder.invokeStatic(java.lang.Object, int, java.lang.Object)'> (0x00000006253ebfd8) 
thrown [s\open\src\hotspot\share\interpreter\linkResolver.cpp, line 796]
Event: 0.814 Thread 0x00000142454aab70 Exception <a 'java/lang/ClassNotFoundException'{0x0000000624c92f20}: com/sun/swing/internal/plaf/metal/resources/spi/metalProvider> (0x0000000624c92f20) 
thrown [s\open\src\hotspot\share\classfile\systemDictionary.cpp, line 313]
Event: 0.817 Thread 0x00000142454aab70 Exception <a 'java/lang/ClassNotFoundException'{0x0000000624c96f30}: com/sun/swing/internal/plaf/basic/resources/spi/basicProvider> (0x0000000624c96f30) 
thrown [s\open\src\hotspot\share\classfile\systemDictionary.cpp, line 313]
Event: 0.848 Thread 0x00000142454aab70 Exception <a 'java/lang/NoSuchMethodError'{0x0000000624cb3740}: 'int java.lang.invoke.Invokers$Holder.invokeExact_MT(java.lang.Object, java.lang.Object)'> (0x0000000624cb3740) 
thrown [s\open\src\hotspot\share\interpreter\linkResolver.cpp, line 796]
Event: 1.249 Thread 0x000001424548f8d0 Exception <a 'java/lang/NoSuchMethodError'{0x0000000625275280}: 'void java.lang.invoke.DirectMethodHandle$Holder.invokeVirtual(java.lang.Object, java.lang.Object)'> (0x0000000625275280) 
thrown [s\open\src\hotspot\share\interpreter\linkResolver.cpp, line 796]
Event: 1.287 Thread 0x00000142454aab70 Exception <a 'java/lang/NoSuchMethodError'{0x0000000624e43568}: 'void java.lang.invoke.DirectMethodHandle$Holder.invokeStaticInit(java.lang.Object)'> (0x0000000624e43568) 
thrown [s\open\src\hotspot\share\interpreter\linkResolver.cpp, line 796]
Event: 8.522 Thread 0x0000014245893990 Exception <a 'java/lang/NoSuchMethodError'{0x0000000624084c10}: 'java.lang.Object java.lang.invoke.DirectMethodHandle$Holder.newInvokeSpecial(java.lang.Object, java.lang.Object, java.lang.Object, int, int, int, int, int)'> (0x0000000624084c10) 
thrown [s\open\src\hotspot\share\interpreter\linkResolver.cpp, line 796]

VM Operations (16 events):
Event: 0.251 Executing VM operation: HandshakeAllThreads (Deoptimize)
Event: 0.252 Executing VM operation: HandshakeAllThreads (Deoptimize) done
Event: 0.856 Executing VM operation: HandshakeAllThreads (Deoptimize)
Event: 0.856 Executing VM operation: HandshakeAllThreads (Deoptimize) done
Event: 1.225 Executing VM operation: HandshakeAllThreads (Deoptimize)
Event: 1.225 Executing VM operation: HandshakeAllThreads (Deoptimize) done
Event: 1.713 Executing VM operation: HandshakeAllThreads (Deoptimize)
Event: 1.713 Executing VM operation: HandshakeAllThreads (Deoptimize) done
Event: 1.836 Executing VM operation: HandshakeAllThreads (Deoptimize)
Event: 1.836 Executing VM operation: HandshakeAllThreads (Deoptimize) done
Event: 1.853 Executing VM operation: HandshakeAllThreads (Deoptimize)
Event: 1.853 Executing VM operation: HandshakeAllThreads (Deoptimize) done
Event: 3.957 Executing VM operation: HandshakeAllThreads (Deoptimize)
Event: 3.957 Executing VM operation: HandshakeAllThreads (Deoptimize) done
Event: 8.505 Executing VM operation: HandshakeAllThreads (Deoptimize)
Event: 8.505 Executing VM operation: HandshakeAllThreads (Deoptimize) done

Memory protections (0 events):
No events

Nmethod flushes (0 events):
No events

Events (20 events):
Event: 0.559 Thread 0x0000014245f384e0 Thread added: 0x000001424548ce00
Event: 0.562 Thread 0x0000014245f384e0 Thread added: 0x000001424548f8d0
Event: 0.608 Thread 0x0000014245f384e0 Thread added: 0x00000142454aab70
Event: 0.608 Thread 0x0000014245f384e0 Thread exited: 0x0000014245f384e0
Event: 0.608 Thread 0x0000014245f384e0 Thread added: 0x0000014245f384e0
Event: 0.639 Thread 0x000001424527abe0 Thread exited: 0x000001424527abe0
Event: 1.136 Thread 0x00000142454aab70 Thread added: 0x00000142455920e0
Event: 3.899 Thread 0x00000142454aab70 Thread added: 0x0000014245891f50
Event: 3.996 Thread 0x0000014245030930 Thread added: 0x00000142458c54a0
Event: 3.996 Thread 0x0000014245030930 Thread added: 0x00000142458c5b60
Event: 4.112 Thread 0x00000142451481d0 Thread added: 0x0000014245ba1a40
Event: 5.157 Thread 0x0000014245185360 Thread exited: 0x0000014245185360
Event: 5.184 Thread 0x00000142451481d0 Thread added: 0x000001426fd5b9a0
Event: 8.349 Thread 0x000001426fd5b9a0 Thread exited: 0x000001426fd5b9a0
Event: 8.349 Thread 0x0000014245184790 Thread exited: 0x0000014245184790
Event: 8.349 Thread 0x00000142451481d0 Thread exited: 0x00000142451481d0
Event: 8.457 Thread 0x00000142450361c0 Thread added: 0x0000014245184790
Event: 8.459 Thread 0x00000142450361c0 Thread added: 0x000001427036a440
Event: 8.515 Thread 0x00000142454aab70 Thread added: 0x0000014245893990
Event: 10.641 Thread 0x000001427036a440 Thread exited: 0x000001427036a440


Dynamic libraries:
0x00007ff7aa700000 - 0x00007ff7aa70e000 	C:\Program Files\Java\jdk-23.0.2\bin\java.exe
0x00007ff8a8ea0000 - 0x00007ff8a9108000 	C:\WINDOWS\SYSTEM32\ntdll.dll
0x00007ff8a83c0000 - 0x00007ff8a8489000 	C:\WINDOWS\System32\KERNEL32.DLL
0x00007ff8a5ce0000 - 0x00007ff8a60d1000 	C:\WINDOWS\System32\KERNELBASE.dll
0x00007ff8a6110000 - 0x00007ff8a625b000 	C:\WINDOWS\System32\ucrtbase.dll
0x00007ff88cc60000 - 0x00007ff88cc77000 	C:\Program Files\Java\jdk-23.0.2\bin\jli.dll
0x00007ff88b970000 - 0x00007ff88b98b000 	C:\Program Files\Java\jdk-23.0.2\bin\VCRUNTIME140.dll
0x00007ff8a8700000 - 0x00007ff8a88c6000 	C:\WINDOWS\System32\USER32.dll
0x00007ff8a60e0000 - 0x00007ff8a6107000 	C:\WINDOWS\System32\win32u.dll
0x00007ff889020000 - 0x00007ff8892b3000 	C:\WINDOWS\WinSxS\amd64_microsoft.windows.common-controls_6595b64144ccf1df_6.0.26100.7824_none_3e0870b2e3345462\COMCTL32.dll
0x00007ff8a7b20000 - 0x00007ff8a7b4b000 	C:\WINDOWS\System32\GDI32.dll
0x00007ff8a8490000 - 0x00007ff8a8539000 	C:\WINDOWS\System32\msvcrt.dll
0x00007ff8a5990000 - 0x00007ff8a5abb000 	C:\WINDOWS\System32\gdi32full.dll
0x00007ff8a5ac0000 - 0x00007ff8a5b63000 	C:\WINDOWS\System32\msvcp_win.dll
0x00007ff8a7140000 - 0x00007ff8a7171000 	C:\WINDOWS\System32\IMM32.DLL
0x00007ff8913a0000 - 0x00007ff8913ac000 	C:\Program Files\Java\jdk-23.0.2\bin\vcruntime140_1.dll
0x00007ff875820000 - 0x00007ff8758ae000 	C:\Program Files\Java\jdk-23.0.2\bin\msvcp140.dll
0x00007fffeced0000 - 0x00007fffedc20000 	C:\Program Files\Java\jdk-23.0.2\bin\server\jvm.dll
0x00007ff8a6fa0000 - 0x00007ff8a7054000 	C:\WINDOWS\System32\ADVAPI32.dll
0x00007ff8a75a0000 - 0x00007ff8a7646000 	C:\WINDOWS\System32\sechost.dll
0x00007ff8a7a00000 - 0x00007ff8a7b18000 	C:\WINDOWS\System32\RPCRT4.dll
0x00007ff8a8dd0000 - 0x00007ff8a8e44000 	C:\WINDOWS\System32\WS2_32.dll
0x00007ff8a55e0000 - 0x00007ff8a563e000 	C:\WINDOWS\SYSTEM32\POWRPROF.dll
0x00007ff89b1b0000 - 0x00007ff89b1e5000 	C:\WINDOWS\SYSTEM32\WINMM.dll
0x00007ff89ef80000 - 0x00007ff89ef8b000 	C:\WINDOWS\SYSTEM32\VERSION.dll
0x00007ff8a55c0000 - 0x00007ff8a55d4000 	C:\WINDOWS\SYSTEM32\UMPDC.dll
0x00007ff8a4520000 - 0x00007ff8a453b000 	C:\WINDOWS\SYSTEM32\kernel.appcore.dll
0x00007ff88cd90000 - 0x00007ff88cd9a000 	C:\Program Files\Java\jdk-23.0.2\bin\jimage.dll
0x00007ff8a36c0000 - 0x00007ff8a3902000 	C:\WINDOWS\SYSTEM32\DBGHELP.DLL
0x00007ff8a7210000 - 0x00007ff8a7596000 	C:\WINDOWS\System32\combase.dll
0x00007ff8a7060000 - 0x00007ff8a7137000 	C:\WINDOWS\System32\OLEAUT32.dll
0x00007ff882d30000 - 0x00007ff882d6b000 	C:\WINDOWS\SYSTEM32\dbgcore.DLL
0x00007ff8a6b90000 - 0x00007ff8a6c35000 	C:\WINDOWS\System32\bcryptPrimitives.dll
0x00007ff88bb60000 - 0x00007ff88bb6f000 	C:\Program Files\Java\jdk-23.0.2\bin\instrument.dll
0x00007ff88b950000 - 0x00007ff88b96e000 	C:\Program Files\Java\jdk-23.0.2\bin\java.dll
0x00007ff8a7670000 - 0x00007ff8a7807000 	C:\WINDOWS\System32\ole32.dll
0x00007ff8a7c60000 - 0x00007ff8a83b2000 	C:\WINDOWS\System32\SHELL32.dll
0x00007ff8a5b70000 - 0x00007ff8a5cda000 	C:\WINDOWS\System32\wintypes.dll
0x00007ff8a6320000 - 0x00007ff8a6b83000 	C:\WINDOWS\System32\windows.storage.dll
0x00007ff8a7b50000 - 0x00007ff8a7c46000 	C:\WINDOWS\System32\SHCORE.dll
0x00007ff8a7810000 - 0x00007ff8a7877000 	C:\WINDOWS\System32\shlwapi.dll
0x00007ff8a56a0000 - 0x00007ff8a56c9000 	C:\WINDOWS\SYSTEM32\profapi.dll
0x00007ff875740000 - 0x00007ff875817000 	C:\Program Files\Java\jdk-23.0.2\bin\jsvml.dll
0x00007ff88b920000 - 0x00007ff88b937000 	C:\Program Files\Java\jdk-23.0.2\bin\zip.dll
0x00007ff88b8c0000 - 0x00007ff88b8d0000 	C:\Program Files\Java\jdk-23.0.2\bin\net.dll
0x00007ff8a4a90000 - 0x00007ff8a4afb000 	C:\WINDOWS\system32\mswsock.dll
0x00007ff88b800000 - 0x00007ff88b816000 	C:\Program Files\Java\jdk-23.0.2\bin\nio.dll
0x00007ff88b7f0000 - 0x00007ff88b7f9000 	C:\Program Files\Java\jdk-23.0.2\bin\extnet.dll
0x00007ff8419b0000 - 0x00007ff841b3d000 	C:\Program Files\Java\jdk-23.0.2\bin\awt.dll
0x00007ff8a27d0000 - 0x00007ff8a286e000 	C:\WINDOWS\SYSTEM32\apphelp.dll
0x00007ff8a2ce0000 - 0x00007ff8a2d8b000 	C:\WINDOWS\system32\uxtheme.dll
0x00007ff8a7880000 - 0x00007ff8a79df000 	C:\WINDOWS\System32\MSCTF.dll
0x00007ff8a2fb0000 - 0x00007ff8a2fe1000 	C:\WINDOWS\system32\DWMAPI.DLL
0x00007ff80dc80000 - 0x00007ff80dd90000 	C:\WINDOWS\system32\opengl32.dll
0x00007ff84c210000 - 0x00007ff84c23d000 	C:\WINDOWS\SYSTEM32\GLU32.dll
0x00007ff8a2df0000 - 0x00007ff8a2e34000 	C:\WINDOWS\SYSTEM32\dxcore.dll
0x00007ff870e20000 - 0x00007ff870ea7000 	C:\Program Files\Java\jdk-23.0.2\bin\freetype.dll
0x00007ff867470000 - 0x00007ff867547000 	C:\Program Files\Java\jdk-23.0.2\bin\fontmanager.dll
0x00007ff8a8540000 - 0x00007ff8a85f0000 	C:\WINDOWS\System32\clbcatq.dll
0x00007ff8a0f80000 - 0x00007ff8a11af000 	C:\WINDOWS\SYSTEM32\WindowsCodecs.dll
0x00007ff8617b0000 - 0x00007ff86180a000 	C:\WINDOWS\system32\dataexchange.dll
0x00007ff89bc20000 - 0x00007ff89be64000 	C:\WINDOWS\system32\twinapi.appcore.dll
0x00007ff87b050000 - 0x00007ff87b199000 	C:\WINDOWS\SYSTEM32\textinputframework.dll
0x00007ff8a23a0000 - 0x00007ff8a24c7000 	C:\WINDOWS\SYSTEM32\CoreMessaging.dll
0x00007ff899690000 - 0x00007ff899972000 	C:\WINDOWS\SYSTEM32\CoreUIComponents.dll
0x00007ff8a4d80000 - 0x00007ff8a4d8c000 	C:\WINDOWS\SYSTEM32\CRYPTBASE.DLL

dbghelp: loaded successfully - version: 4.0.5 - missing functions: none
symbol engine: initialized successfully - sym options: 0x614 - pdb path: .;C:\Program Files\Java\jdk-23.0.2\bin;C:\WINDOWS\SYSTEM32;C:\WINDOWS\WinSxS\amd64_microsoft.windows.common-controls_6595b64144ccf1df_6.0.26100.7824_none_3e0870b2e3345462;C:\Program Files\Java\jdk-23.0.2\bin\server

VM Arguments:
jvm_args: -javaagent:C:\Program Files\JetBrains\IntelliJ IDEA 2025.2.3\lib\idea_rt.jar=50879 -Dfile.encoding=UTF-8 -Dsun.stdout.encoding=UTF-8 -Dsun.stderr.encoding=UTF-8 
java_command: main.Main
java_class_path (initial): C:\uni\2nd\2nd sem\dsa\labs\sortingAlgorithmss\target\classes;C:\Users\roaam\.m2\repository\org\jfree\jfreechart\1.5.3\jfreechart-1.5.3.jar
Launcher Type: SUN_STANDARD

[Global flags]
     intx CICompilerCount                          = 12                                        {product} {ergonomic}
     uint ConcGCThreads                            = 4                                         {product} {ergonomic}
     uint G1ConcRefinementThreads                  = 15                                        {product} {ergonomic}
   size_t G1HeapRegionSize                         = 4194304                                   {product} {ergonomic}
   size_t InitialHeapSize                          = 532676608                                 {product} {ergonomic}
   size_t MarkStackSize                            = 4194304                                   {product} {ergonomic}
   size_t MarkStackSizeMax                         = 536870912                                 {product} {ergonomic}
   size_t MaxHeapSize                              = 8493465600                                {product} {ergonomic}
   size_t MaxNewSize                               = 5096079360                                {product} {ergonomic}
   size_t MinHeapDeltaBytes                        = 4194304                                   {product} {ergonomic}
   size_t MinHeapSize                              = 8388608                                   {product} {ergonomic}
    uintx NonNMethodCodeHeapSize                   = 7602176                                {pd product} {ergonomic}
    uintx NonProfiledCodeHeapSize                  = 122093568                              {pd product} {ergonomic}
    uintx ProfiledCodeHeapSize                     = 121962496                              {pd product} {ergonomic}
    uintx ReservedCodeCacheSize                    = 251658240                              {pd product} {ergonomic}
     bool SegmentedCodeCache                       = true                                      {product} {ergonomic}
   size_t SoftMaxHeapSize                          = 8493465600                             {manageable} {ergonomic}
     bool UseCompressedOops                        = true                           {product lp64_product} {ergonomic}
     bool UseG1GC                                  = true                                      {product} {ergonomic}
     bool UseLargePagesIndividualAllocation        = false                                  {pd product} {ergonomic}

Logging:
Log output configuration:
 #0: stdout all=warning uptime,level,tags foldmultilines=false
 #1: stderr all=off uptime,level,tags foldmultilines=false

Environment Variables:
JAVA_HOME=C:\Program Files\Java\jdk-23.0.2
PATH=C:\Program Files\Common Files\Oracle\Java\javapath;C:\Program Files\Java\jdk-23.0.2\bin;C:\Windows\system32;C:\Windows;C:\Windows\System32\Wbem;C:\Windows\System32\WindowsPowerShell\v1.0\;C:\Windows\System32\OpenSSH\;C:\Program Files (x86)\NVIDIA Corporation\PhysX\Common;C:\Program Files\NVIDIA Corporation\NVIDIA NvDLISR;C:\WINDOWS\system32;C:\WINDOWS;C:\WINDOWS\System32\Wbem;C:\WINDOWS\System32\WindowsPowerShell\v1.0\;C:\WINDOWS\System32\OpenSSH\;C:\Program Files\Git\cmd;C:\Program Files\nodejs\;C:\Program Files\dotnet\;C:\Program Files (x86)\Windows Kits\10\Windows Performance Toolkit\;C:\Program Files\Docker\Docker\resources\bin;C:\Users\roaam\AppData\Local\Programs\Python\Launcher\;C:\Users\roaam\AppData\Local\Microsoft\WindowsApps;C:\msys64\ucrt64\bin;C:\Users\roaam\AppData\Local\Programs\Microsoft VS Code\bin;C:\intelFPGA\20.1\modelsim_ase\win32aloem;C:\msys64\ucrt64\bin;C:\Program Files\JetBrains\IntelliJ IDEA 2025.2.3\bin;C:\Users\roaam\AppData\Roaming\npm;C:\Users\roaam\.dotnet\tools;C:\Users\roaam\AppData\Local\JetBrains\Toolbox\scripts;C:\Users\roaam\AppData\Local\Programs\Antigravity\bin;C:\Users\roaam\AppData\Local\GitHubDesktop\bin;C:\Program Files\curl-8.17.0_6-win64-mingw\curl-8.17.0_6-win64-mingw\bin\curl.exe;
USERNAME=roaam
OS=Windows_NT
PROCESSOR_IDENTIFIER=Intel64 Family 6 Model 186 Stepping 2, GenuineIntel
TMP=C:\Users\roaam\AppData\Local\Temp
TEMP=C:\Users\roaam\AppData\Local\Temp




Periodic native trim disabled

---------------  S Y S T E M  ---------------

OS:
 Windows 11 , 64 bit Build 26100 (10.0.26100.7705)
OS uptime: 0 days 4:42 hours
Hyper-V role detected

CPU: total 20 (initial active 20) (10 cores per cpu, 2 threads per core) family 6 model 186 stepping 2 microcode 0x410e, cx8, cmov, fxsr, ht, mmx, 3dnowpref, sse, sse2, sse3, ssse3, sse4.1, sse4.2, popcnt, lzcnt, tsc, tscinvbit, avx, avx2, aes, erms, clmul, bmi1, bmi2, adx, sha, fma, vzeroupper, clflush, clflushopt, clwb, hv, serialize, rdtscp, rdpid, fsrm, gfni, f16c, cet_ibt, cet_ss
Processor Information for processor 0
  Max Mhz: 2600, Current Mhz: 1496, Mhz Limit: 2600
Processor Information for processor 1
  Max Mhz: 2600, Current Mhz: 1496, Mhz Limit: 2600
Processor Information for processor 2
  Max Mhz: 2600, Current Mhz: 1496, Mhz Limit: 2600
Processor Information for processor 3
  Max Mhz: 2600, Current Mhz: 1496, Mhz Limit: 2600
Processor Information for processor 4
  Max Mhz: 2600, Current Mhz: 1496, Mhz Limit: 2600
Processor Information for processor 5
  Max Mhz: 2600, Current Mhz: 1496, Mhz Limit: 2600
Processor Information for processor 6
  Max Mhz: 2600, Current Mhz: 1496, Mhz Limit: 2600
Processor Information for processor 7
  Max Mhz: 2600, Current Mhz: 1496, Mhz Limit: 2600
Processor Information for processor 8
  Max Mhz: 2600, Current Mhz: 1496, Mhz Limit: 2600
Processor Information for processor 9
  Max Mhz: 2600, Current Mhz: 1496, Mhz Limit: 2600
Processor Information for processor 10
  Max Mhz: 2600, Current Mhz: 1496, Mhz Limit: 2600
Processor Information for processor 11
  Max Mhz: 2600, Current Mhz: 1496, Mhz Limit: 2600
Processor Information for processor 12
  Max Mhz: 2600, Current Mhz: 1505, Mhz Limit: 2600
Processor Information for processor 13
  Max Mhz: 2600, Current Mhz: 1505, Mhz Limit: 2600
Processor Information for processor 14
  Max Mhz: 2600, Current Mhz: 1505, Mhz Limit: 2600
Processor Information for processor 15
  Max Mhz: 2600, Current Mhz: 1505, Mhz Limit: 2600
Processor Information for processor 16
  Max Mhz: 2600, Current Mhz: 1505, Mhz Limit: 2600
Processor Information for processor 17
  Max Mhz: 2600, Current Mhz: 1505, Mhz Limit: 2600
Processor Information for processor 18
  Max Mhz: 2600, Current Mhz: 1505, Mhz Limit: 2600
Processor Information for processor 19
  Max Mhz: 2600, Current Mhz: 1505, Mhz Limit: 2600

Memory: 4k page, system-wide physical 32386M (8008M free)
TotalPageFile size 32386M (AvailPageFile size 50M)
current process WorkingSet (physical memory assigned to process): 112M, peak: 112M
current process commit charge ("private bytes"): 645M, peak: 646M

vm_info: OpenJDK 64-Bit Server VM (23.0.2+7-58) for windows-amd64 JRE (23.0.2+7-58), built on 2024-11-29T09:34:55Z with MS VC++ 17.6 (VS2022)

END.
